Watching for file changes with StatReloader
Unauthorized: /api/
[22/Feb/2026 02:26:36] "GET /api/ HTTP/1.1" 401 58
[22/Feb/2026 02:26:41] "POST /api/auth/login/ HTTP/1.1" 200 644
/root/.openclaw/workspace-supporty/agent-desk/backend/tickets/views.py changed, reloading.
Performing system checks...

System check identified no issues (0 silenced).
February 22, 2026 - 02:26:31
Django version 5.0.1, using settings 'agentdesk.settings'
Starting development server at http://127.0.0.1:8000/
Quit the server with CONTROL-C.

Watching for file changes with StatReloader
/root/.openclaw/workspace-supporty/agent-desk/backend/tickets/views.py changed, reloading.
Performing system checks...

System check identified no issues (0 silenced).
February 22, 2026 - 02:42:30
Django version 5.0.1, using settings 'agentdesk.settings'
Starting development server at http://127.0.0.1:8000/
Quit the server with CONTROL-C.

Watching for file changes with StatReloader
/root/.openclaw/workspace-supporty/agent-desk/backend/tickets/views.py changed, reloading.
Performing system checks...

System check identified no issues (0 silenced).
February 22, 2026 - 02:42:35
Django version 5.0.1, using settings 'agentdesk.settings'
Starting development server at http://127.0.0.1:8000/
Quit the server with CONTROL-C.

Watching for file changes with StatReloader
/root/.openclaw/workspace-supporty/agent-desk/backend/tickets/views.py changed, reloading.
Performing system checks...

System check identified no issues (0 silenced).
February 22, 2026 - 02:42:44
Django version 5.0.1, using settings 'agentdesk.settings'
Starting development server at http://127.0.0.1:8000/
Quit the server with CONTROL-C.

Watching for file changes with StatReloader
/root/.openclaw/workspace-supporty/agent-desk/backend/tickets/views.py changed, reloading.
Performing system checks...

System check identified no issues (0 silenced).
February 22, 2026 - 02:42:53
Django version 5.0.1, using settings 'agentdesk.settings'
Starting development server at http://127.0.0.1:8000/
Quit the server with CONTROL-C.

Watching for file changes with StatReloader
/root/.openclaw/workspace-supporty/agent-desk/backend/tickets/views.py changed, reloading.
Performing system checks...

System check identified no issues (0 silenced).
February 22, 2026 - 02:42:57
Django version 5.0.1, using settings 'agentdesk.settings'
Starting development server at http://127.0.0.1:8000/
Quit the server with CONTROL-C.

Watching for file changes with StatReloader
/root/.openclaw/workspace-supporty/agent-desk/backend/tickets/views.py changed, reloading.
Performing system checks...

System check identified no issues (0 silenced).
February 22, 2026 - 02:43:04
Django version 5.0.1, using settings 'agentdesk.settings'
Starting development server at http://127.0.0.1:8000/
Quit the server with CONTROL-C.

Watching for file changes with StatReloader
/root/.openclaw/workspace-supporty/agent-desk/backend/tickets/views.py changed, reloading.
Performing system checks...

System check identified no issues (0 silenced).
February 22, 2026 - 02:43:18
Django version 5.0.1, using settings 'agentdesk.settings'
Starting development server at http://127.0.0.1:8000/
Quit the server with CONTROL-C.

Watching for file changes with StatReloader
/root/.openclaw/workspace-supporty/agent-desk/backend/tickets/views.py changed, reloading.
Performing system checks...

System check identified no issues (0 silenced).
February 22, 2026 - 02:43:32
Django version 5.0.1, using settings 'agentdesk.settings'
Starting development server at http://127.0.0.1:8000/
Quit the server with CONTROL-C.

Watching for file changes with StatReloader
/root/.openclaw/workspace-supporty/agent-desk/backend/tickets/views.py changed, reloading.
Performing system checks...

System check identified no issues (0 silenced).
February 22, 2026 - 02:43:37
Django version 5.0.1, using settings 'agentdesk.settings'
Starting development server at http://127.0.0.1:8000/
Quit the server with CONTROL-C.

Watching for file changes with StatReloader
/root/.openclaw/workspace-supporty/agent-desk/backend/tickets/views.py changed, reloading.
Performing system checks...

System check identified no issues (0 silenced).
February 22, 2026 - 02:43:44
Django version 5.0.1, using settings 'agentdesk.settings'
Starting development server at http://127.0.0.1:8000/
Quit the server with CONTROL-C.

Watching for file changes with StatReloader
/root/.openclaw/workspace-supporty/agent-desk/backend/agentdesk/settings.py changed, reloading.
Performing system checks...

System check identified no issues (0 silenced).
February 22, 2026 - 02:43:49
Django version 5.0.1, using settings 'agentdesk.settings'
Starting development server at http://127.0.0.1:8000/
Quit the server with CONTROL-C.

Watching for file changes with StatReloader
